[debug] [2025-08-05T19:38:16.128Z] ----------------------------------------------------------------------
[debug] [2025-08-05T19:38:16.130Z] Command:       /home/linuxbrew/.linuxbrew/Cellar/node/24.4.0/bin/node /home/ta/.npm-global/bin/firebase init
[debug] [2025-08-05T19:38:16.130Z] CLI Version:   14.11.2
[debug] [2025-08-05T19:38:16.130Z] Platform:      linux
[debug] [2025-08-05T19:38:16.130Z] Node Version:  v24.4.0
[debug] [2025-08-05T19:38:16.130Z] Time:          Tue Aug 05 2025 21:38:16 GMT+0200 (Horário de Verão da Europa Central)
[debug] [2025-08-05T19:38:16.130Z] ----------------------------------------------------------------------
[debug] 
[debug] [2025-08-05T19:38:16.133Z] > command requires scopes: ["email","openid","https://www.googleapis.com/auth/cloudplatformprojects.readonly","https://www.googleapis.com/auth/firebase","https://www.googleapis.com/auth/cloud-platform"]
[debug] [2025-08-05T19:38:16.133Z] > authorizing via signed-in user (user7l44@gmail.com)
[info] 
     ######## #### ########  ######## ########     ###     ######  ########
     ##        ##  ##     ## ##       ##     ##  ##   ##  ##       ##
     ######    ##  ########  ######   ########  #########  ######  ######
     ##        ##  ##    ##  ##       ##     ## ##     ##       ## ##
     ##       #### ##     ## ######## ########  ##     ##  ######  ########

You're about to initialize a Firebase project in this directory:

  /home/ta/Projects/buzzy

[info] 
=== Project Setup
[info] 
[info] First, let's associate this project directory with a Firebase project.
[info] You can create multiple project aliases by running firebase use --add, 
[info] but for now we'll just set up a default project.
[info] 
[debug] [2025-08-05T19:38:21.925Z] Checked if tokens are valid: true, expires at: 1754426210292
[debug] [2025-08-05T19:38:21.925Z] Checked if tokens are valid: true, expires at: 1754426210292
[debug] [2025-08-05T19:38:21.926Z] >>> [apiv2][query] GET https://firebase.googleapis.com/v1beta1/projects pageSize=100
[debug] [2025-08-05T19:38:22.385Z] <<< [apiv2][status] GET https://firebase.googleapis.com/v1beta1/projects 200
[debug] [2025-08-05T19:38:22.385Z] <<< [apiv2][body] GET https://firebase.googleapis.com/v1beta1/projects [omitted]
[info] i  Using project buzzy-fe536 (buzzy) 
[info] 
=== App Hosting Setup
[debug] [2025-08-05T19:38:23.544Z] Checked if tokens are valid: true, expires at: 1754426210292
[debug] [2025-08-05T19:38:23.544Z] Checked if tokens are valid: true, expires at: 1754426210292
[debug] [2025-08-05T19:38:23.544Z] >>> [apiv2][query] GET https://cloudbilling.googleapis.com/v1/projects/buzzy-fe536/billingInfo [none]
[debug] [2025-08-05T19:38:23.998Z] <<< [apiv2][status] GET https://cloudbilling.googleapis.com/v1/projects/buzzy-fe536/billingInfo 200
[debug] [2025-08-05T19:38:23.999Z] <<< [apiv2][body] GET https://cloudbilling.googleapis.com/v1/projects/buzzy-fe536/billingInfo {"name":"projects/buzzy-fe536/billingInfo","projectId":"buzzy-fe536","billingAccountName":"billingAccounts/01FAF2-0A9F52-C9806B","billingEnabled":true}
[debug] [2025-08-05T19:38:23.999Z] Checked if tokens are valid: true, expires at: 1754426210292
[debug] [2025-08-05T19:38:23.999Z] Checked if tokens are valid: true, expires at: 1754426210292
[debug] [2025-08-05T19:38:23.999Z] >>> [apiv2][query] GET https://serviceusage.googleapis.com/v1/projects/buzzy-fe536/services/firebaseapphosting.googleapis.com [none]
[debug] [2025-08-05T19:38:23.999Z] >>> [apiv2][(partial)header] GET https://serviceusage.googleapis.com/v1/projects/buzzy-fe536/services/firebaseapphosting.googleapis.com x-goog-quota-user=projects/buzzy-fe536
[debug] [2025-08-05T19:38:24.683Z] <<< [apiv2][status] GET https://serviceusage.googleapis.com/v1/projects/buzzy-fe536/services/firebaseapphosting.googleapis.com 200
[debug] [2025-08-05T19:38:24.683Z] <<< [apiv2][body] GET https://serviceusage.googleapis.com/v1/projects/buzzy-fe536/services/firebaseapphosting.googleapis.com [omitted]
[debug] [2025-08-05T19:38:24.683Z] Checked if tokens are valid: true, expires at: 1754426210292
[debug] [2025-08-05T19:38:24.683Z] Checked if tokens are valid: true, expires at: 1754426210292
[debug] [2025-08-05T19:38:24.683Z] >>> [apiv2][query] POST https://serviceusage.googleapis.com/v1/projects/buzzy-fe536/services/firebaseapphosting.googleapis.com:enable [none]
[debug] [2025-08-05T19:38:24.683Z] >>> [apiv2][(partial)header] POST https://serviceusage.googleapis.com/v1/projects/buzzy-fe536/services/firebaseapphosting.googleapis.com:enable x-goog-quota-user=projects/buzzy-fe536
[debug] [2025-08-05T19:38:25.905Z] <<< [apiv2][status] POST https://serviceusage.googleapis.com/v1/projects/buzzy-fe536/services/firebaseapphosting.googleapis.com:enable 200
[debug] [2025-08-05T19:38:25.905Z] <<< [apiv2][body] POST https://serviceusage.googleapis.com/v1/projects/buzzy-fe536/services/firebaseapphosting.googleapis.com:enable [omitted]
[debug] [2025-08-05T19:38:35.915Z] Checked if tokens are valid: true, expires at: 1754426210292
[debug] [2025-08-05T19:38:35.916Z] Checked if tokens are valid: true, expires at: 1754426210292
[debug] [2025-08-05T19:38:35.916Z] Checked if tokens are valid: true, expires at: 1754426210292
[debug] [2025-08-05T19:38:35.916Z] Checked if tokens are valid: true, expires at: 1754426210292
[debug] [2025-08-05T19:38:35.916Z] Checked if tokens are valid: true, expires at: 1754426210292
[debug] [2025-08-05T19:38:35.916Z] Checked if tokens are valid: true, expires at: 1754426210292
[debug] [2025-08-05T19:38:35.916Z] Checked if tokens are valid: true, expires at: 1754426210292
[debug] [2025-08-05T19:38:35.916Z] Checked if tokens are valid: true, expires at: 1754426210292
[debug] [2025-08-05T19:38:35.916Z] Checked if tokens are valid: true, expires at: 1754426210292
[debug] [2025-08-05T19:38:35.916Z] Checked if tokens are valid: true, expires at: 1754426210292
[debug] [2025-08-05T19:38:35.917Z] Checked if tokens are valid: true, expires at: 1754426210292
[debug] [2025-08-05T19:38:35.917Z] Checked if tokens are valid: true, expires at: 1754426210292
[debug] [2025-08-05T19:38:35.917Z] >>> [apiv2][query] GET https://serviceusage.googleapis.com/v1/projects/buzzy-fe536/services/developerconnect.googleapis.com [none]
[debug] [2025-08-05T19:38:35.917Z] >>> [apiv2][(partial)header] GET https://serviceusage.googleapis.com/v1/projects/buzzy-fe536/services/developerconnect.googleapis.com x-goog-quota-user=projects/buzzy-fe536
[debug] [2025-08-05T19:38:35.918Z] >>> [apiv2][query] GET https://serviceusage.googleapis.com/v1/projects/buzzy-fe536/services/cloudbuild.googleapis.com [none]
[debug] [2025-08-05T19:38:35.918Z] >>> [apiv2][(partial)header] GET https://serviceusage.googleapis.com/v1/projects/buzzy-fe536/services/cloudbuild.googleapis.com x-goog-quota-user=projects/buzzy-fe536
[debug] [2025-08-05T19:38:35.919Z] >>> [apiv2][query] GET https://serviceusage.googleapis.com/v1/projects/buzzy-fe536/services/secretmanager.googleapis.com [none]
[debug] [2025-08-05T19:38:35.919Z] >>> [apiv2][(partial)header] GET https://serviceusage.googleapis.com/v1/projects/buzzy-fe536/services/secretmanager.googleapis.com x-goog-quota-user=projects/buzzy-fe536
[debug] [2025-08-05T19:38:35.920Z] >>> [apiv2][query] GET https://serviceusage.googleapis.com/v1/projects/buzzy-fe536/services/run.googleapis.com [none]
[debug] [2025-08-05T19:38:35.920Z] >>> [apiv2][(partial)header] GET https://serviceusage.googleapis.com/v1/projects/buzzy-fe536/services/run.googleapis.com x-goog-quota-user=projects/buzzy-fe536
[debug] [2025-08-05T19:38:35.921Z] >>> [apiv2][query] GET https://serviceusage.googleapis.com/v1/projects/buzzy-fe536/services/artifactregistry.googleapis.com [none]
[debug] [2025-08-05T19:38:35.921Z] >>> [apiv2][(partial)header] GET https://serviceusage.googleapis.com/v1/projects/buzzy-fe536/services/artifactregistry.googleapis.com x-goog-quota-user=projects/buzzy-fe536
[debug] [2025-08-05T19:38:35.922Z] >>> [apiv2][query] GET https://serviceusage.googleapis.com/v1/projects/buzzy-fe536/services/iam.googleapis.com [none]
[debug] [2025-08-05T19:38:35.923Z] >>> [apiv2][(partial)header] GET https://serviceusage.googleapis.com/v1/projects/buzzy-fe536/services/iam.googleapis.com x-goog-quota-user=projects/buzzy-fe536
[debug] [2025-08-05T19:38:36.345Z] <<< [apiv2][status] GET https://serviceusage.googleapis.com/v1/projects/buzzy-fe536/services/artifactregistry.googleapis.com 200
[debug] [2025-08-05T19:38:36.345Z] <<< [apiv2][body] GET https://serviceusage.googleapis.com/v1/projects/buzzy-fe536/services/artifactregistry.googleapis.com [omitted]
[debug] [2025-08-05T19:38:36.839Z] <<< [apiv2][status] GET https://serviceusage.googleapis.com/v1/projects/buzzy-fe536/services/cloudbuild.googleapis.com 200
[debug] [2025-08-05T19:38:36.839Z] <<< [apiv2][body] GET https://serviceusage.googleapis.com/v1/projects/buzzy-fe536/services/cloudbuild.googleapis.com [omitted]
[debug] [2025-08-05T19:38:36.842Z] <<< [apiv2][status] GET https://serviceusage.googleapis.com/v1/projects/buzzy-fe536/services/secretmanager.googleapis.com 200
[debug] [2025-08-05T19:38:36.843Z] <<< [apiv2][body] GET https://serviceusage.googleapis.com/v1/projects/buzzy-fe536/services/secretmanager.googleapis.com [omitted]
[debug] [2025-08-05T19:38:36.845Z] <<< [apiv2][status] GET https://serviceusage.googleapis.com/v1/projects/buzzy-fe536/services/run.googleapis.com 200
[debug] [2025-08-05T19:38:36.845Z] <<< [apiv2][body] GET https://serviceusage.googleapis.com/v1/projects/buzzy-fe536/services/run.googleapis.com [omitted]
[debug] [2025-08-05T19:38:36.847Z] <<< [apiv2][status] GET https://serviceusage.googleapis.com/v1/projects/buzzy-fe536/services/iam.googleapis.com 200
[debug] [2025-08-05T19:38:36.847Z] <<< [apiv2][body] GET https://serviceusage.googleapis.com/v1/projects/buzzy-fe536/services/iam.googleapis.com [omitted]
[debug] [2025-08-05T19:38:36.879Z] <<< [apiv2][status] GET https://serviceusage.googleapis.com/v1/projects/buzzy-fe536/services/developerconnect.googleapis.com 200
[debug] [2025-08-05T19:38:36.879Z] <<< [apiv2][body] GET https://serviceusage.googleapis.com/v1/projects/buzzy-fe536/services/developerconnect.googleapis.com [omitted]
[debug] [2025-08-05T19:38:36.879Z] Checked if tokens are valid: true, expires at: 1754426210292
[debug] [2025-08-05T19:38:36.879Z] Checked if tokens are valid: true, expires at: 1754426210292
[debug] [2025-08-05T19:38:36.879Z] >>> [apiv2][query] POST https://serviceusage.googleapis.com/v1/projects/buzzy-fe536/services/developerconnect.googleapis.com:enable [none]
[debug] [2025-08-05T19:38:36.879Z] >>> [apiv2][(partial)header] POST https://serviceusage.googleapis.com/v1/projects/buzzy-fe536/services/developerconnect.googleapis.com:enable x-goog-quota-user=projects/buzzy-fe536
[debug] [2025-08-05T19:38:38.360Z] <<< [apiv2][status] POST https://serviceusage.googleapis.com/v1/projects/buzzy-fe536/services/developerconnect.googleapis.com:enable 200
[debug] [2025-08-05T19:38:38.360Z] <<< [apiv2][body] POST https://serviceusage.googleapis.com/v1/projects/buzzy-fe536/services/developerconnect.googleapis.com:enable [omitted]
[debug] [2025-08-05T19:38:48.369Z] Checked if tokens are valid: true, expires at: 1754426210292
[debug] [2025-08-05T19:38:48.369Z] Checked if tokens are valid: true, expires at: 1754426210292
[debug] [2025-08-05T19:38:48.369Z] >>> [apiv2][query] POST https://iam.googleapis.com/v1/projects/buzzy-fe536/serviceAccounts/firebase-app-hosting-compute@buzzy-fe536.iam.gserviceaccount.com:testIamPermissions [none]
[debug] [2025-08-05T19:38:48.369Z] >>> [apiv2][(partial)header] POST https://iam.googleapis.com/v1/projects/buzzy-fe536/serviceAccounts/firebase-app-hosting-compute@buzzy-fe536.iam.gserviceaccount.com:testIamPermissions x-goog-quota-user=projects/buzzy-fe536
[debug] [2025-08-05T19:38:48.370Z] >>> [apiv2][body] POST https://iam.googleapis.com/v1/projects/buzzy-fe536/serviceAccounts/firebase-app-hosting-compute@buzzy-fe536.iam.gserviceaccount.com:testIamPermissions {"permissions":["iam.serviceAccounts.actAs"]}
[debug] [2025-08-05T19:38:49.186Z] <<< [apiv2][status] POST https://iam.googleapis.com/v1/projects/buzzy-fe536/serviceAccounts/firebase-app-hosting-compute@buzzy-fe536.iam.gserviceaccount.com:testIamPermissions 404
[debug] [2025-08-05T19:38:49.187Z] <<< [apiv2][body] POST https://iam.googleapis.com/v1/projects/buzzy-fe536/serviceAccounts/firebase-app-hosting-compute@buzzy-fe536.iam.gserviceaccount.com:testIamPermissions {"error":{"code":404,"message":"Unknown service account","status":"NOT_FOUND"}}
[debug] [2025-08-05T19:38:49.187Z] Checked if tokens are valid: true, expires at: 1754426210292
[debug] [2025-08-05T19:38:49.187Z] Checked if tokens are valid: true, expires at: 1754426210292
[debug] [2025-08-05T19:38:49.187Z] >>> [apiv2][query] POST https://iam.googleapis.com/v1/projects/buzzy-fe536/serviceAccounts [none]
[debug] [2025-08-05T19:38:49.187Z] >>> [apiv2][body] POST https://iam.googleapis.com/v1/projects/buzzy-fe536/serviceAccounts {"accountId":"firebase-app-hosting-compute","serviceAccount":{"displayName":"Firebase App Hosting compute service account","description":"Default service account used to run builds and deploys for Firebase App Hosting"}}
[debug] [2025-08-05T19:38:49.843Z] <<< [apiv2][status] POST https://iam.googleapis.com/v1/projects/buzzy-fe536/serviceAccounts 200
[debug] [2025-08-05T19:38:49.844Z] <<< [apiv2][body] POST https://iam.googleapis.com/v1/projects/buzzy-fe536/serviceAccounts [omitted]
[debug] [2025-08-05T19:38:49.844Z] Checked if tokens are valid: true, expires at: 1754426210292
[debug] [2025-08-05T19:38:49.844Z] Checked if tokens are valid: true, expires at: 1754426210292
[debug] [2025-08-05T19:38:49.844Z] >>> [apiv2][query] POST https://cloudresourcemanager.googleapis.com/v1/projects/buzzy-fe536:getIamPolicy [none]
[debug] [2025-08-05T19:38:50.209Z] <<< [apiv2][status] POST https://cloudresourcemanager.googleapis.com/v1/projects/buzzy-fe536:getIamPolicy 200
[debug] [2025-08-05T19:38:50.209Z] <<< [apiv2][body] POST https://cloudresourcemanager.googleapis.com/v1/projects/buzzy-fe536:getIamPolicy {"version":1,"etag":"BwY7o16AUB0=","bindings":[{"role":"roles/cloudbuild.builds.builder","members":["serviceAccount:356922809670@cloudbuild.gserviceaccount.com"]},{"role":"roles/cloudbuild.serviceAgent","members":["serviceAccount:service-356922809670@gcp-sa-cloudbuild.iam.gserviceaccount.com"]},{"role":"roles/containerregistry.ServiceAgent","members":["serviceAccount:service-356922809670@containerregistry.iam.gserviceaccount.com"]},{"role":"roles/editor","members":["serviceAccount:356922809670-compute@developer.gserviceaccount.com"]},{"role":"roles/firebase.managementServiceAgent","members":["serviceAccount:service-356922809670@gcp-sa-firebase.iam.gserviceaccount.com"]},{"role":"roles/firebase.sdkAdminServiceAgent","members":["serviceAccount:firebase-adminsdk-fbsvc@buzzy-fe536.iam.gserviceaccount.com"]},{"role":"roles/iam.serviceAccountTokenCreator","members":["serviceAccount:firebase-adminsdk-fbsvc@buzzy-fe536.iam.gserviceaccount.com"]},{"role":"roles/owner","members":["user:user7l44@gmail.com"]},{"role":"roles/run.serviceAgent","members":["serviceAccount:service-356922809670@serverless-robot-prod.iam.gserviceaccount.com"]}]}
[debug] [2025-08-05T19:38:50.209Z] Checked if tokens are valid: true, expires at: 1754426210292
[debug] [2025-08-05T19:38:50.209Z] Checked if tokens are valid: true, expires at: 1754426210292
[debug] [2025-08-05T19:38:50.209Z] >>> [apiv2][query] POST https://cloudresourcemanager.googleapis.com/v1/projects/buzzy-fe536:setIamPolicy [none]
[debug] [2025-08-05T19:38:50.209Z] >>> [apiv2][body] POST https://cloudresourcemanager.googleapis.com/v1/projects/buzzy-fe536:setIamPolicy {"policy":{"version":1,"etag":"BwY7o16AUB0=","bindings":[{"role":"roles/cloudbuild.builds.builder","members":["serviceAccount:356922809670@cloudbuild.gserviceaccount.com"]},{"role":"roles/cloudbuild.serviceAgent","members":["serviceAccount:service-356922809670@gcp-sa-cloudbuild.iam.gserviceaccount.com"]},{"role":"roles/containerregistry.ServiceAgent","members":["serviceAccount:service-356922809670@containerregistry.iam.gserviceaccount.com"]},{"role":"roles/editor","members":["serviceAccount:356922809670-compute@developer.gserviceaccount.com"]},{"role":"roles/firebase.managementServiceAgent","members":["serviceAccount:service-356922809670@gcp-sa-firebase.iam.gserviceaccount.com"]},{"role":"roles/firebase.sdkAdminServiceAgent","members":["serviceAccount:firebase-adminsdk-fbsvc@buzzy-fe536.iam.gserviceaccount.com","serviceAccount:firebase-app-hosting-compute@buzzy-fe536.iam.gserviceaccount.com"]},{"role":"roles/iam.serviceAccountTokenCreator","members":["serviceAccount:firebase-adminsdk-fbsvc@buzzy-fe536.iam.gserviceaccount.com"]},{"role":"roles/owner","members":["user:user7l44@gmail.com"]},{"role":"roles/run.serviceAgent","members":["serviceAccount:service-356922809670@serverless-robot-prod.iam.gserviceaccount.com"]},{"role":"roles/firebaseapphosting.computeRunner","members":["serviceAccount:firebase-app-hosting-compute@buzzy-fe536.iam.gserviceaccount.com"]},{"role":"roles/developerconnect.readTokenAccessor","members":["serviceAccount:firebase-app-hosting-compute@buzzy-fe536.iam.gserviceaccount.com"]},{"role":"roles/storage.objectViewer","members":["serviceAccount:firebase-app-hosting-compute@buzzy-fe536.iam.gserviceaccount.com"]}]},"updateMask":"bindings"}
[debug] [2025-08-05T19:38:51.415Z] <<< [apiv2][status] POST https://cloudresourcemanager.googleapis.com/v1/projects/buzzy-fe536:setIamPolicy 200
[debug] [2025-08-05T19:38:51.415Z] <<< [apiv2][body] POST https://cloudresourcemanager.googleapis.com/v1/projects/buzzy-fe536:setIamPolicy {"version":1,"etag":"BwY7o1+vqWQ=","bindings":[{"role":"roles/cloudbuild.builds.builder","members":["serviceAccount:356922809670@cloudbuild.gserviceaccount.com"]},{"role":"roles/cloudbuild.serviceAgent","members":["serviceAccount:service-356922809670@gcp-sa-cloudbuild.iam.gserviceaccount.com"]},{"role":"roles/containerregistry.ServiceAgent","members":["serviceAccount:service-356922809670@containerregistry.iam.gserviceaccount.com"]},{"role":"roles/developerconnect.readTokenAccessor","members":["serviceAccount:firebase-app-hosting-compute@buzzy-fe536.iam.gserviceaccount.com"]},{"role":"roles/editor","members":["serviceAccount:356922809670-compute@developer.gserviceaccount.com"]},{"role":"roles/firebase.managementServiceAgent","members":["serviceAccount:service-356922809670@gcp-sa-firebase.iam.gserviceaccount.com"]},{"role":"roles/firebase.sdkAdminServiceAgent","members":["serviceAccount:firebase-adminsdk-fbsvc@buzzy-fe536.iam.gserviceaccount.com","serviceAccount:firebase-app-hosting-compute@buzzy-fe536.iam.gserviceaccount.com"]},{"role":"roles/firebaseapphosting.computeRunner","members":["serviceAccount:firebase-app-hosting-compute@buzzy-fe536.iam.gserviceaccount.com"]},{"role":"roles/iam.serviceAccountTokenCreator","members":["serviceAccount:firebase-adminsdk-fbsvc@buzzy-fe536.iam.gserviceaccount.com"]},{"role":"roles/owner","members":["user:user7l44@gmail.com"]},{"role":"roles/run.serviceAgent","members":["serviceAccount:service-356922809670@serverless-robot-prod.iam.gserviceaccount.com"]},{"role":"roles/storage.objectViewer","members":["serviceAccount:firebase-app-hosting-compute@buzzy-fe536.iam.gserviceaccount.com"]}]}
[info] i  This command links your local project to Firebase App Hosting. You will be able to deploy your web app with `firebase deploy` after setup. 
